[debug] [2025-02-16T18:35:25.805Z] ----------------------------------------------------------------------
[debug] [2025-02-16T18:35:25.808Z] Command:       C:\Users\ARPITA\AppData\Local\fnm_multishells\24200_1739716108161\node.exe C:\Users\ARPITA\AppData\Local\fnm_multishells\24200_1739716108161\node_modules\firebase-tools\lib\bin\firebase.js init
[debug] [2025-02-16T18:35:25.808Z] CLI Version:   13.31.1
[debug] [2025-02-16T18:35:25.808Z] Platform:      win32
[debug] [2025-02-16T18:35:25.809Z] Node Version:  v22.13.1
[debug] [2025-02-16T18:35:25.809Z] Time:          Mon Feb 17 2025 00:05:25 GMT+0530 (India Standard Time)
[debug] [2025-02-16T18:35:25.809Z] ----------------------------------------------------------------------
[debug] 
[debug] [2025-02-16T18:35:25.817Z] > command requires scopes: ["email","openid","https://www.googleapis.com/auth/cloudplatformprojects.readonly","https://www.googleapis.com/auth/firebase","https://www.googleapis.com/auth/cloud-platform"]
[debug] [2025-02-16T18:35:25.817Z] > authorizing via signed-in user (growza0107@gmail.com)
[info] 
     ######## #### ########  ######## ########     ###     ######  ########
     ##        ##  ##     ## ##       ##     ##  ##   ##  ##       ##
     ######    ##  ########  ######   ########  #########  ######  ######
     ##        ##  ##    ##  ##       ##     ## ##     ##       ## ##
     ##       #### ##     ## ######## ########  ##     ##  ######  ########

You're about to initialize a Firebase project in this directory:

  C:\react\backend

Before we get started, keep in mind:

  * You are currently outside your home directory

[info] 
=== Project Setup
[info] 
[info] First, let's associate this project directory with a Firebase project.
[info] You can create multiple project aliases by running firebase use --add, 
[info] but for now we'll just set up a default project.
[info] 
[debug] [2025-02-16T18:35:33.874Z] Checked if tokens are valid: true, expires at: 1739734067777
[debug] [2025-02-16T18:35:33.874Z] Checked if tokens are valid: true, expires at: 1739734067777
[debug] [2025-02-16T18:35:33.876Z] >>> [apiv2][query] GET https://firebase.googleapis.com/v1beta1/projects pageSize=100
[debug] [2025-02-16T18:35:34.775Z] <<< [apiv2][status] GET https://firebase.googleapis.com/v1beta1/projects 200
[debug] [2025-02-16T18:35:34.775Z] <<< [apiv2][body] GET https://firebase.googleapis.com/v1beta1/projects [omitted]
[info] i  Using project growza-8597f (Growza) 
[info] 
=== Dataconnect Setup
[debug] [2025-02-16T18:35:46.707Z] Checked if tokens are valid: true, expires at: 1739734067777
[debug] [2025-02-16T18:35:46.713Z] Checked if tokens are valid: true, expires at: 1739734067777
[debug] [2025-02-16T18:35:46.713Z] >>> [apiv2][query] GET https://cloudbilling.googleapis.com/v1/projects/growza-8597f/billingInfo [none]
[debug] [2025-02-16T18:35:48.372Z] <<< [apiv2][status] GET https://cloudbilling.googleapis.com/v1/projects/growza-8597f/billingInfo 200
[debug] [2025-02-16T18:35:48.373Z] <<< [apiv2][body] GET https://cloudbilling.googleapis.com/v1/projects/growza-8597f/billingInfo {"name":"projects/growza-8597f/billingInfo","projectId":"growza-8597f","billingAccountName":"","billingEnabled":false}
[info] i  dataconnect: ensuring required API sqladmin.googleapis.com is enabled... 
[debug] [2025-02-16T18:35:48.374Z] Checked if tokens are valid: true, expires at: 1739734067777
[debug] [2025-02-16T18:35:48.374Z] Checked if tokens are valid: true, expires at: 1739734067777
[debug] [2025-02-16T18:35:48.374Z] >>> [apiv2][query] GET https://serviceusage.googleapis.com/v1/projects/growza-8597f/services/sqladmin.googleapis.com [none]
[debug] [2025-02-16T18:35:48.374Z] >>> [apiv2][(partial)header] GET https://serviceusage.googleapis.com/v1/projects/growza-8597f/services/sqladmin.googleapis.com x-goog-quota-user=projects/growza-8597f
[debug] [2025-02-16T18:35:50.476Z] <<< [apiv2][status] GET https://serviceusage.googleapis.com/v1/projects/growza-8597f/services/sqladmin.googleapis.com 200
[debug] [2025-02-16T18:35:50.477Z] <<< [apiv2][body] GET https://serviceusage.googleapis.com/v1/projects/growza-8597f/services/sqladmin.googleapis.com [omitted]
[info] +  dataconnect: required API sqladmin.googleapis.com is enabled 
[info] i  dataconnect\dataconnect.yaml is unchanged 
[info] i  dataconnect\schema\schema.gql is unchanged 
[info] +  Wrote dataconnect\connector\connector.yaml 
[info] i  dataconnect\connector\queries.gql is unchanged 
[info] i  dataconnect\connector\mutations.gql is unchanged 
[info] +  Detected WEB app in directory C:\react\backend 
[info] i  Wrote new config to C:\react\backend\dataconnect\connector/connector.yaml 
[info] I0217 00:06:00.897227   40804 codegen.go:82] [connector "default" javascriptSdk] Generating sources into "C:\\react\\backend\\dataconnect-generated\\js\\default-connector"
I0217 00:06:00.907220   40804 generate.go:40] Generated all sources. Writing them to disk...
I0217 00:06:00.919114   40804 collector.go:107] connector "default" javascriptSdk wrote into "C:\\react\\backend\\dataconnect-generated\\js\\default-connector"
Generated sources: react\index.d.ts [181B] react\package.json [468B] react\esm\index.esm.js [182B] index.cjs.js [207B] package.json [819B] README.md [2740B] react\esm\package.json [17B] react\index.cjs.js [195B] index.d.ts [259B] esm\index.esm.js [166B] esm\package.json [17B] 
I0217 00:06:00.922207   40804 installsdk.go:76] Running command: C:\Users\ARPITA\AppData\Local\fnm_multishells\24200_1739716108161\npm.cmd install file:dataconnect-generated\js\default-connector

[info] i  Generated SDK code for default 
[info] +  If you'd like to add more generated SDKs to your app your later, run firebase init dataconnect:sdk again 
[info] i  If you'd like to provision a CloudSQL Postgres instance on the Firebase Data Connect no-cost trial:
1. Please upgrade to the pay-as-you-go (Blaze) billing plan. Visit the following page:
     https://console.firebase.google.com/project/growza-8597f/usage/details
2. Run firebase init dataconnect again to configure the Cloud SQL instance.
3. Run firebase deploy --only dataconnect to deploy your Data Connect service. 
[info] 
=== Firestore Setup
[debug] [2025-02-16T18:36:02.866Z] Checked if tokens are valid: true, expires at: 1739734067777
[debug] [2025-02-16T18:36:02.866Z] Checked if tokens are valid: true, expires at: 1739734067777
[debug] [2025-02-16T18:36:02.866Z] >>> [apiv2][query] GET https://serviceusage.googleapis.com/v1/projects/growza-8597f/services/firestore.googleapis.com [none]
[debug] [2025-02-16T18:36:02.866Z] >>> [apiv2][(partial)header] GET https://serviceusage.googleapis.com/v1/projects/growza-8597f/services/firestore.googleapis.com x-goog-quota-user=projects/growza-8597f
[debug] [2025-02-16T18:36:04.995Z] <<< [apiv2][status] GET https://serviceusage.googleapis.com/v1/projects/growza-8597f/services/firestore.googleapis.com 200
[debug] [2025-02-16T18:36:04.996Z] <<< [apiv2][body] GET https://serviceusage.googleapis.com/v1/projects/growza-8597f/services/firestore.googleapis.com [omitted]
[debug] [2025-02-16T18:36:04.996Z] Checked if tokens are valid: true, expires at: 1739734067777
[debug] [2025-02-16T18:36:04.996Z] Checked if tokens are valid: true, expires at: 1739734067777
[debug] [2025-02-16T18:36:04.996Z] >>> [apiv2][query] GET https://firestore.googleapis.com/v1/projects/growza-8597f/databases/(default) [none]
[debug] [2025-02-16T18:36:05.371Z] <<< [apiv2][status] GET https://firestore.googleapis.com/v1/projects/growza-8597f/databases/(default) 200
[debug] [2025-02-16T18:36:05.371Z] <<< [apiv2][body] GET https://firestore.googleapis.com/v1/projects/growza-8597f/databases/(default) {"name":"projects/growza-8597f/databases/(default)","uid":"9bf7232c-945a-4e91-ac21-01c34c5622d1","createTime":"2025-02-16T18:34:36.328676Z","updateTime":"2025-02-16T18:34:36.328676Z","locationId":"asia-south1","type":"FIRESTORE_NATIVE","concurrencyMode":"PESSIMISTIC","versionRetentionPeriod":"3600s","earliestVersionTime":"2025-02-16T18:34:36.328676Z","appEngineIntegrationMode":"DISABLED","keyPrefix":"j","pointInTimeRecoveryEnablement":"POINT_IN_TIME_RECOVERY_DISABLED","deleteProtectionState":"DELETE_PROTECTION_DISABLED","databaseEdition":"STANDARD","etag":"IKGIjvHqyIsDMKv+sNPqyIsD"}
[debug] [2025-02-16T18:36:05.371Z] database_type: FIRESTORE_NATIVE
[debug] [2025-02-16T18:36:05.371Z] database_type: FIRESTORE_NATIVE
[debug] [2025-02-16T18:36:05.371Z] > command requires scopes: ["email","openid","https://www.googleapis.com/auth/cloudplatformprojects.readonly","https://www.googleapis.com/auth/firebase","https://www.googleapis.com/auth/cloud-platform"]
[debug] [2025-02-16T18:36:05.372Z] > authorizing via signed-in user (growza0107@gmail.com)
[debug] [2025-02-16T18:36:05.372Z] [iam] checking project growza-8597f for permissions ["firebase.projects.get"]
[debug] [2025-02-16T18:36:05.372Z] Checked if tokens are valid: true, expires at: 1739734067777
[debug] [2025-02-16T18:36:05.372Z] Checked if tokens are valid: true, expires at: 1739734067777
[debug] [2025-02-16T18:36:05.372Z] >>> [apiv2][query] POST https://cloudresourcemanager.googleapis.com/v1/projects/growza-8597f:testIamPermissions [none]
[debug] [2025-02-16T18:36:05.372Z] >>> [apiv2][(partial)header] POST https://cloudresourcemanager.googleapis.com/v1/projects/growza-8597f:testIamPermissions x-goog-quota-user=projects/growza-8597f
[debug] [2025-02-16T18:36:05.372Z] >>> [apiv2][body] POST https://cloudresourcemanager.googleapis.com/v1/projects/growza-8597f:testIamPermissions {"permissions":["firebase.projects.get"]}
[debug] [2025-02-16T18:36:06.992Z] <<< [apiv2][status] POST https://cloudresourcemanager.googleapis.com/v1/projects/growza-8597f:testIamPermissions 200
[debug] [2025-02-16T18:36:06.992Z] <<< [apiv2][body] POST https://cloudresourcemanager.googleapis.com/v1/projects/growza-8597f:testIamPermissions {"permissions":["firebase.projects.get"]}
[info] 
[info] Firestore Security Rules allow you to define how and when to allow
[info] requests. You can keep these rules in your project directory
[info] and publish them with firebase deploy.
[info] 
[debug] [2025-02-16T18:36:16.963Z] Checked if tokens are valid: true, expires at: 1739734067777
[debug] [2025-02-16T18:36:16.963Z] Checked if tokens are valid: true, expires at: 1739734067777
[debug] [2025-02-16T18:36:16.963Z] >>> [apiv2][query] GET https://firebaserules.googleapis.com/v1/projects/growza-8597f/releases pageSize=10&pageToken=
[debug] [2025-02-16T18:36:18.638Z] <<< [apiv2][status] GET https://firebaserules.googleapis.com/v1/projects/growza-8597f/releases 200
[debug] [2025-02-16T18:36:18.638Z] <<< [apiv2][body] GET https://firebaserules.googleapis.com/v1/projects/growza-8597f/releases {"releases":[{"name":"projects/growza-8597f/releases/cloud.firestore","rulesetName":"projects/growza-8597f/rulesets/71f3c33c-cb7e-4c16-8d53-1174abbca80d","createTime":"2025-02-16T18:34:46.318916Z","updateTime":"2025-02-16T18:34:46.318916Z"}]}
[debug] [2025-02-16T18:36:18.638Z] Found ruleset: projects/growza-8597f/rulesets/71f3c33c-cb7e-4c16-8d53-1174abbca80d
[debug] [2025-02-16T18:36:18.638Z] Checked if tokens are valid: true, expires at: 1739734067777
[debug] [2025-02-16T18:36:18.638Z] Checked if tokens are valid: true, expires at: 1739734067777
[debug] [2025-02-16T18:36:18.639Z] >>> [apiv2][query] GET https://firebaserules.googleapis.com/v1/projects/growza-8597f/rulesets/71f3c33c-cb7e-4c16-8d53-1174abbca80d [none]
[debug] [2025-02-16T18:36:19.977Z] <<< [apiv2][status] GET https://firebaserules.googleapis.com/v1/projects/growza-8597f/rulesets/71f3c33c-cb7e-4c16-8d53-1174abbca80d 200
[debug] [2025-02-16T18:36:19.977Z] <<< [apiv2][body] GET https://firebaserules.googleapis.com/v1/projects/growza-8597f/rulesets/71f3c33c-cb7e-4c16-8d53-1174abbca80d [omitted]
[info] 
[info] Firestore indexes allow you to perform complex queries while
[info] maintaining performance that scales with the size of the result
[info] set. You can keep index definitions in your project directory
[info] and publish them with firebase deploy.
[info] 
[debug] [2025-02-16T18:36:22.435Z] Checked if tokens are valid: true, expires at: 1739734067777
[debug] [2025-02-16T18:36:22.436Z] Checked if tokens are valid: true, expires at: 1739734067777
[debug] [2025-02-16T18:36:22.436Z] Checked if tokens are valid: true, expires at: 1739734067777
[debug] [2025-02-16T18:36:22.436Z] Checked if tokens are valid: true, expires at: 1739734067777
[debug] [2025-02-16T18:36:22.436Z] >>> [apiv2][query] GET https://firestore.googleapis.com/v1/projects/growza-8597f/databases/(default)/collectionGroups/-/indexes [none]
[debug] [2025-02-16T18:36:22.439Z] >>> [apiv2][query] GET https://firestore.googleapis.com/v1/projects/growza-8597f/databases/(default)/collectionGroups/-/fields?filter=indexConfig.usesAncestorConfig=false OR ttlConfig:* [none]
[debug] [2025-02-16T18:36:22.780Z] <<< [apiv2][status] GET https://firestore.googleapis.com/v1/projects/growza-8597f/databases/(default)/collectionGroups/-/indexes 200
[debug] [2025-02-16T18:36:22.780Z] <<< [apiv2][body] GET https://firestore.googleapis.com/v1/projects/growza-8597f/databases/(default)/collectionGroups/-/indexes {}
[debug] [2025-02-16T18:36:22.913Z] <<< [apiv2][status] GET https://firestore.googleapis.com/v1/projects/growza-8597f/databases/(default)/collectionGroups/-/fields?filter=indexConfig.usesAncestorConfig=false OR ttlConfig:* 200
[debug] [2025-02-16T18:36:22.914Z] <<< [apiv2][body] GET https://firestore.googleapis.com/v1/projects/growza-8597f/databases/(default)/collectionGroups/-/fields?filter=indexConfig.usesAncestorConfig=false OR ttlConfig:* {"fields":[{"name":"projects/growza-8597f/databases/(default)/collectionGroups/__default__/fields/*","indexConfig":{"indexes":[{"queryScope":"COLLECTION","fields":[{"fieldPath":"*","order":"ASCENDING"}],"state":"READY"},{"queryScope":"COLLECTION","fields":[{"fieldPath":"*","order":"DESCENDING"}],"state":"READY"},{"queryScope":"COLLECTION","fields":[{"fieldPath":"*","arrayConfig":"CONTAINS"}],"state":"READY"}]}}]}
[info] 
=== Genkit Setup
[debug] [2025-02-16T18:36:30.592Z] > command requires scopes: ["email","openid","https://www.googleapis.com/auth/cloudplatformprojects.readonly","https://www.googleapis.com/auth/firebase","https://www.googleapis.com/auth/cloud-platform"]
[debug] [2025-02-16T18:36:30.593Z] > authorizing via signed-in user (growza0107@gmail.com)
[debug] [2025-02-16T18:36:30.593Z] [iam] checking project growza-8597f for permissions ["firebase.projects.get"]
[debug] [2025-02-16T18:36:30.593Z] Checked if tokens are valid: true, expires at: 1739734067777
[debug] [2025-02-16T18:36:30.593Z] Checked if tokens are valid: true, expires at: 1739734067777
[debug] [2025-02-16T18:36:30.593Z] >>> [apiv2][query] POST https://cloudresourcemanager.googleapis.com/v1/projects/growza-8597f:testIamPermissions [none]
[debug] [2025-02-16T18:36:30.593Z] >>> [apiv2][(partial)header] POST https://cloudresourcemanager.googleapis.com/v1/projects/growza-8597f:testIamPermissions x-goog-quota-user=projects/growza-8597f
[debug] [2025-02-16T18:36:30.593Z] >>> [apiv2][body] POST https://cloudresourcemanager.googleapis.com/v1/projects/growza-8597f:testIamPermissions {"permissions":["firebase.projects.get"]}
[debug] [2025-02-16T18:36:32.176Z] <<< [apiv2][status] POST https://cloudresourcemanager.googleapis.com/v1/projects/growza-8597f:testIamPermissions 200
[debug] [2025-02-16T18:36:32.176Z] <<< [apiv2][body] POST https://cloudresourcemanager.googleapis.com/v1/projects/growza-8597f:testIamPermissions {"permissions":["firebase.projects.get"]}
[debug] [2025-02-16T18:36:32.176Z] Checked if tokens are valid: true, expires at: 1739734067777
[debug] [2025-02-16T18:36:32.177Z] Checked if tokens are valid: true, expires at: 1739734067777
[debug] [2025-02-16T18:36:32.177Z] Checked if tokens are valid: true, expires at: 1739734067777
[debug] [2025-02-16T18:36:32.177Z] Checked if tokens are valid: true, expires at: 1739734067777
[debug] [2025-02-16T18:36:32.177Z] >>> [apiv2][query] GET https://serviceusage.googleapis.com/v1/projects/growza-8597f/services/cloudfunctions.googleapis.com [none]
[debug] [2025-02-16T18:36:32.177Z] >>> [apiv2][(partial)header] GET https://serviceusage.googleapis.com/v1/projects/growza-8597f/services/cloudfunctions.googleapis.com x-goog-quota-user=projects/growza-8597f
[debug] [2025-02-16T18:36:32.179Z] >>> [apiv2][query] GET https://serviceusage.googleapis.com/v1/projects/growza-8597f/services/runtimeconfig.googleapis.com [none]
[debug] [2025-02-16T18:36:32.179Z] >>> [apiv2][(partial)header] GET https://serviceusage.googleapis.com/v1/projects/growza-8597f/services/runtimeconfig.googleapis.com x-goog-quota-user=projects/growza-8597f
[debug] [2025-02-16T18:36:34.282Z] <<< [apiv2][status] GET https://serviceusage.googleapis.com/v1/projects/growza-8597f/services/cloudfunctions.googleapis.com 200
[debug] [2025-02-16T18:36:34.282Z] <<< [apiv2][body] GET https://serviceusage.googleapis.com/v1/projects/growza-8597f/services/cloudfunctions.googleapis.com [omitted]
[debug] [2025-02-16T18:36:34.283Z] Checked if tokens are valid: true, expires at: 1739734067777
[debug] [2025-02-16T18:36:34.283Z] Checked if tokens are valid: true, expires at: 1739734067777
[debug] [2025-02-16T18:36:34.283Z] >>> [apiv2][query] POST https://serviceusage.googleapis.com/v1/projects/growza-8597f/services/cloudfunctions.googleapis.com:enable [none]
[debug] [2025-02-16T18:36:34.283Z] >>> [apiv2][(partial)header] POST https://serviceusage.googleapis.com/v1/projects/growza-8597f/services/cloudfunctions.googleapis.com:enable x-goog-quota-user=projects/growza-8597f
[debug] [2025-02-16T18:36:34.285Z] <<< [apiv2][status] GET https://serviceusage.googleapis.com/v1/projects/growza-8597f/services/runtimeconfig.googleapis.com 200
[debug] [2025-02-16T18:36:34.286Z] <<< [apiv2][body] GET https://serviceusage.googleapis.com/v1/projects/growza-8597f/services/runtimeconfig.googleapis.com [omitted]
[debug] [2025-02-16T18:36:36.244Z] <<< [apiv2][status] POST https://serviceusage.googleapis.com/v1/projects/growza-8597f/services/cloudfunctions.googleapis.com:enable 200
[debug] [2025-02-16T18:36:36.244Z] <<< [apiv2][body] POST https://serviceusage.googleapis.com/v1/projects/growza-8597f/services/cloudfunctions.googleapis.com:enable [omitted]
[debug] [2025-02-16T18:36:46.253Z] Checked if tokens are valid: true, expires at: 1739734067777
[debug] [2025-02-16T18:36:46.254Z] Checked if tokens are valid: true, expires at: 1739734067777
[debug] [2025-02-16T18:36:46.254Z] >>> [apiv2][query] GET https://serviceusage.googleapis.com/v1/projects/growza-8597f/services/cloudfunctions.googleapis.com [none]
[debug] [2025-02-16T18:36:46.254Z] >>> [apiv2][(partial)header] GET https://serviceusage.googleapis.com/v1/projects/growza-8597f/services/cloudfunctions.googleapis.com x-goog-quota-user=projects/growza-8597f
[debug] [2025-02-16T18:36:48.125Z] <<< [apiv2][status] GET https://serviceusage.googleapis.com/v1/projects/growza-8597f/services/cloudfunctions.googleapis.com 200
[debug] [2025-02-16T18:36:48.125Z] <<< [apiv2][body] GET https://serviceusage.googleapis.com/v1/projects/growza-8597f/services/cloudfunctions.googleapis.com [omitted]
[info] Let's create a new codebase for your functions.
[info] A directory corresponding to the codebase will be created in your project
[info] with sample code pre-configured.

[info] See https://firebase.google.com/docs/functions/organize-functions for
[info] more information on organizing your functions using codebases.

[info] Functions can be deployed with firebase deploy.

[info] +  Wrote functions/package.json 
[info] +  Wrote functions/.eslintrc.js 
[info] +  Wrote functions/tsconfig.json 
[info] +  Wrote functions/tsconfig.dev.json 
[info] +  Wrote functions/src/index.ts 
[info] +  Wrote functions/.gitignore 
[info] 
[info] i  genkit: Installing Genkit CLI version 1.0.4
 
[info] i  genkit: Installing NPM packages for genkit 
[info] +  genkit: Successfully installed NPM packages 
[info] i  genkit: Updating tsconfig.json 
[warn] !  genkit: Skipped updating tsconfig.json 
[info] i  genkit: Updating package.json 
[warn] !  genkit: Skipped updating package.json 
[info] 
Login to Google Cloud using:
[info]     gcloud auth application-default login --project undefined

[info] Then start the Genkit developer experience by running:
[info]     cd functions && npm run genkit:start
[info] 
=== Functions Setup
[debug] [2025-02-16T18:39:54.345Z] > command requires scopes: ["email","openid","https://www.googleapis.com/auth/cloudplatformprojects.readonly","https://www.googleapis.com/auth/firebase","https://www.googleapis.com/auth/cloud-platform"]
[debug] [2025-02-16T18:39:54.345Z] > authorizing via signed-in user (growza0107@gmail.com)
[debug] [2025-02-16T18:39:54.345Z] [iam] checking project growza-8597f for permissions ["firebase.projects.get"]
[debug] [2025-02-16T18:39:54.345Z] Checked if tokens are valid: true, expires at: 1739734067777
[debug] [2025-02-16T18:39:54.345Z] Checked if tokens are valid: true, expires at: 1739734067777
[debug] [2025-02-16T18:39:54.345Z] >>> [apiv2][query] POST https://cloudresourcemanager.googleapis.com/v1/projects/growza-8597f:testIamPermissions [none]
[debug] [2025-02-16T18:39:54.345Z] >>> [apiv2][(partial)header] POST https://cloudresourcemanager.googleapis.com/v1/projects/growza-8597f:testIamPermissions x-goog-quota-user=projects/growza-8597f
[debug] [2025-02-16T18:39:54.345Z] >>> [apiv2][body] POST https://cloudresourcemanager.googleapis.com/v1/projects/growza-8597f:testIamPermissions {"permissions":["firebase.projects.get"]}
[debug] [2025-02-16T18:39:56.051Z] <<< [apiv2][status] POST https://cloudresourcemanager.googleapis.com/v1/projects/growza-8597f:testIamPermissions 200
[debug] [2025-02-16T18:39:56.052Z] <<< [apiv2][body] POST https://cloudresourcemanager.googleapis.com/v1/projects/growza-8597f:testIamPermissions {"permissions":["firebase.projects.get"]}
[debug] [2025-02-16T18:39:56.052Z] Checked if tokens are valid: true, expires at: 1739734067777
[debug] [2025-02-16T18:39:56.052Z] Checked if tokens are valid: true, expires at: 1739734067777
[debug] [2025-02-16T18:39:56.052Z] Checked if tokens are valid: true, expires at: 1739734067777
[debug] [2025-02-16T18:39:56.052Z] Checked if tokens are valid: true, expires at: 1739734067777
[debug] [2025-02-16T18:39:56.052Z] >>> [apiv2][query] GET https://serviceusage.googleapis.com/v1/projects/growza-8597f/services/cloudfunctions.googleapis.com [none]
[debug] [2025-02-16T18:39:56.052Z] >>> [apiv2][(partial)header] GET https://serviceusage.googleapis.com/v1/projects/growza-8597f/services/cloudfunctions.googleapis.com x-goog-quota-user=projects/growza-8597f
[debug] [2025-02-16T18:39:56.055Z] >>> [apiv2][query] GET https://serviceusage.googleapis.com/v1/projects/growza-8597f/services/runtimeconfig.googleapis.com [none]
[debug] [2025-02-16T18:39:56.055Z] >>> [apiv2][(partial)header] GET https://serviceusage.googleapis.com/v1/projects/growza-8597f/services/runtimeconfig.googleapis.com x-goog-quota-user=projects/growza-8597f
[debug] [2025-02-16T18:39:58.166Z] <<< [apiv2][status] GET https://serviceusage.googleapis.com/v1/projects/growza-8597f/services/runtimeconfig.googleapis.com 200
[debug] [2025-02-16T18:39:58.166Z] <<< [apiv2][body] GET https://serviceusage.googleapis.com/v1/projects/growza-8597f/services/runtimeconfig.googleapis.com [omitted]
[debug] [2025-02-16T18:39:58.173Z] <<< [apiv2][status] GET https://serviceusage.googleapis.com/v1/projects/growza-8597f/services/cloudfunctions.googleapis.com 200
[debug] [2025-02-16T18:39:58.174Z] <<< [apiv2][body] GET https://serviceusage.googleapis.com/v1/projects/growza-8597f/services/cloudfunctions.googleapis.com [omitted]
[info] 
Detected existing codebase(s): default

[info] 
Overwriting codebase default...

[info] i  Skipping write of functions/package.json 
[info] +  Wrote functions/index.js 
[info] i  Skipping write of functions/.eslintrc.js 
[info] i  Skipping write of functions/.gitignore 
[info] 
=== Apphosting Setup
[debug] [2025-02-16T18:40:36.496Z] Checked if tokens are valid: true, expires at: 1739734067777
[debug] [2025-02-16T18:40:36.496Z] Checked if tokens are valid: true, expires at: 1739734067777
[debug] [2025-02-16T18:40:36.496Z] >>> [apiv2][query] GET https://cloudbilling.googleapis.com/v1/projects/growza-8597f/billingInfo [none]
[debug] [2025-02-16T18:40:38.153Z] <<< [apiv2][status] GET https://cloudbilling.googleapis.com/v1/projects/growza-8597f/billingInfo 200
[debug] [2025-02-16T18:40:38.154Z] <<< [apiv2][body] GET https://cloudbilling.googleapis.com/v1/projects/growza-8597f/billingInfo {"name":"projects/growza-8597f/billingInfo","projectId":"growza-8597f","billingAccountName":"","billingEnabled":false}
[info] i  Writing default settings to apphosting.yaml... 
[info] +  Wrote apphosting.yaml 
[info] +  Create a new App Hosting backend with `firebase apphosting:backends:create` 
[info] 
=== Hosting Setup
[debug] [2025-02-16T18:40:38.159Z] Checked if tokens are valid: true, expires at: 1739734067777
[debug] [2025-02-16T18:40:38.159Z] Checked if tokens are valid: true, expires at: 1739734067777
[debug] [2025-02-16T18:40:38.160Z] >>> [apiv2][query] GET https://firebase.googleapis.com/v1beta1/projects/growza-8597f [none]
[debug] [2025-02-16T18:40:39.136Z] <<< [apiv2][status] GET https://firebase.googleapis.com/v1beta1/projects/growza-8597f 200
[debug] [2025-02-16T18:40:39.136Z] <<< [apiv2][body] GET https://firebase.googleapis.com/v1beta1/projects/growza-8597f {"projectId":"growza-8597f","projectNumber":"675392720612","displayName":"Growza","name":"projects/growza-8597f","resources":{"hostingSite":"growza-8597f"},"state":"ACTIVE","etag":"1_bdd689bb-28de-44a9-88e0-ab943752e9e2"}
[info] 
[info] Your public directory is the folder (relative to your project directory) that
[info] will contain Hosting assets to be uploaded with firebase deploy. If you
[info] have a build process for your assets, use your build's output directory.
[info] 
[debug] [2025-02-16T18:40:53.042Z] >>> [apiv2][query] GET https://www.gstatic.com/firebasejs/releases.json [none]
[debug] [2025-02-16T18:40:53.327Z] <<< [apiv2][status] GET https://www.gstatic.com/firebasejs/releases.json 200
[debug] [2025-02-16T18:40:53.327Z] <<< [apiv2][body] GET https://www.gstatic.com/firebasejs/releases.json {"current":{"version":"11.3.1","browserURL":"https://www.gstatic.com/firebasejs/11.3.1/firebase.js","packageURL":"https://www.gstatic.com/firebasejs/11.3.1/firebase.tgz"},"live":{"version":"11.3","browserURL":"https://www.gstatic.com/firebasejs/live/11.3/firebase.js","packageURL":"https://www.gstatic.com/firebasejs/live/11.3/firebase.tgz"},"components":{"analytics":"https://www.gstatic.com/firebasejs/11.3.1/firebase-analytics.js","app":"https://www.gstatic.com/firebasejs/11.3.1/firebase-app.js","app-check":"https://www.gstatic.com/firebasejs/11.3.1/firebase-app-check.js","auth":"https://www.gstatic.com/firebasejs/11.3.1/firebase-auth.js","auth/cordova":"https://www.gstatic.com/firebasejs/11.3.1/firebase-auth/cordova.js","auth/web-extension":"https://www.gstatic.com/firebasejs/11.3.1/firebase-auth/web-extension.js","functions":"https://www.gstatic.com/firebasejs/11.3.1/firebase-functions.js","firestore":"https://www.gstatic.com/firebasejs/11.3.1/firebase-firestore.js","firestore/lite":"https://www.gstatic.com/firebasejs/11.3.1/firebase-firestore/lite.js","installations":"https://www.gstatic.com/firebasejs/11.3.1/firebase-installations.js","storage":"https://www.gstatic.com/firebasejs/11.3.1/firebase-storage.js","performance":"https://www.gstatic.com/firebasejs/11.3.1/firebase-performance.js","remote-config":"https://www.gstatic.com/firebasejs/11.3.1/firebase-remote-config.js","messaging":"https://www.gstatic.com/firebasejs/11.3.1/firebase-messaging.js","messaging/sw":"https://www.gstatic.com/firebasejs/11.3.1/firebase-messaging/sw.js","database":"https://www.gstatic.com/firebasejs/11.3.1/firebase-database.js","vertexai":"https://www.gstatic.com/firebasejs/11.3.1/firebase-vertexai.js","data-connect":"https://www.gstatic.com/firebasejs/11.3.1/firebase-data-connect.js","firestore.memory":"https://www.gstatic.com/firebasejs/11.3.1/firebase-firestore.memory.js"}}
[info] +  Wrote public/index.html 
[info] 
[info] i  Didn't detect a .git folder. Assuming C:\react\backend is the project root. 
[info] i  Authorizing with GitHub to upload your service account to a GitHub repository's secrets store. 
[info] 
[info] Visit this URL on this device to log in:
[info] https://github.com/login/oauth/authorize?client_id=89cf50f02ac6aaed3484&state=660643350&redirect_uri=http%3A%2F%2Flocalhost%3A9005&scope=read%3Auser%20repo%20public_repo
[info] 
[info] Waiting for authentication...
